

***********************************************************************
Fatal NI connect error 12541, connecting to:
 (DESCRIPTION=(ADDRESS=(PROTOCOL=TCP)(HOST=Dorel-pc)(PORT=1521))(CONNECT_DATA=(SID=EEPORACLEDB)(SERVER=DEDICATED)(CID=(PROGRAM=F:\Program?Files\EEP2010\WCFServer\EEPNetServer.exe)(HOST=REIKAMI-PC)(USER=reikami))))

  VERSION INFORMATION:
	TNS for 32-bit Windows: Version 10.2.0.3.0 - Production
	Windows NT TCP/IP NT Protocol Adapter for 32-bit Windows: Version 10.2.0.3.0 - Production
  Time: 08-6月 -2010 10:55:10
  Tracing not turned on.
  Tns error struct:
    ns main err code: 12541
    TNS-12541: TNS: 无监听程序
    ns secondary err code: 12560
    nt main err code: 511
    TNS-00511: 无监听程序
    nt secondary err code: 61
    nt OS err code: 0


***********************************************************************
Fatal NI connect error 12541, connecting to:
 (DESCRIPTION=(ADDRESS=(PROTOCOL=TCP)(HOST=reikami-pc)(PORT=1521))(CONNECT_DATA=(SID=ConnEEP)(SERVER=DEDICATED)(CID=(PROGRAM=F:\Program?Files\EEP2010\WCFServer\EEPNetServer.exe)(HOST=REIKAMI-PC)(USER=reikami))))

  VERSION INFORMATION:
	TNS for 32-bit Windows: Version 10.2.0.3.0 - Production
	Windows NT TCP/IP NT Protocol Adapter for 32-bit Windows: Version 10.2.0.3.0 - Production
  Time: 08-6月 -2010 10:55:28
  Tracing not turned on.
  Tns error struct:
    ns main err code: 12541
    TNS-12541: TNS: 无监听程序
    ns secondary err code: 12560
    nt main err code: 511
    TNS-00511: 无监听程序
    nt secondary err code: 61
    nt OS err code: 0
